<?xml version="1.0" encoding="UTF-8"?>
<testsuite name="org.cost.player.PlayerRepositoryTest" tests="3" skipped="0" failures="0" errors="0" timestamp="2016-09-19T15:23:21" hostname="laptop-asus" time="0.683">
  <properties/>
  <testcase name="findPlayersByGameName_whenNoPlayersExist" classname="org.cost.player.PlayerRepositoryTest" time="0.543"/>
  <testcase name="findPlayersByGameName_whenNoGameExists" classname="org.cost.player.PlayerRepositoryTest" time="0.015"/>
  <testcase name="findPlayersByGameName_whenPlayersExistInGame" classname="org.cost.player.PlayerRepositoryTest" time="0.122"/>
  <system-out><![CDATA[10:23:06.685 [Test worker] DEBUG org.springframework.test.context.junit4.SpringJUnit4ClassRunner - SpringJUnit4ClassRunner constructor called with [class org.cost.player.PlayerRepositoryTest]
10:23:06.690 [Test worker] DEBUG org.springframework.test.context.BootstrapUtils - Instantiating CacheAwareContextLoaderDelegate from class [org.springframework.test.context.cache.DefaultCacheAwareContextLoaderDelegate]
10:23:06.700 [Test worker] DEBUG org.springframework.test.context.BootstrapUtils - Instantiating BootstrapContext using constructor [public org.springframework.test.context.support.DefaultBootstrapContext(java.lang.Class,org.springframework.test.context.CacheAwareContextLoaderDelegate)]
10:23:06.715 [Test worker] DEBUG org.springframework.test.context.BootstrapUtils - Instantiating TestContextBootstrapper for test class [org.cost.player.PlayerRepositoryTest] from class [org.springframework.boot.test.context.SpringBootTestContextBootstrapper]
10:23:06.735 [Test worker] INFO org.springframework.boot.test.context.SpringBootTestContextBootstrapper - Neither @ContextConfiguration nor @ContextHierarchy found for test class [org.cost.player.PlayerRepositoryTest], using SpringBootContextLoader
10:23:06.737 [Test worker] DEBUG org.springframework.test.context.support.AbstractContextLoader - Did not detect default resource location for test class [org.cost.player.PlayerRepositoryTest]: class path resource [org/cost/player/PlayerRepositoryTest-context.xml] does not exist
10:23:06.738 [Test worker] DEBUG org.springframework.test.context.support.AbstractContextLoader - Did not detect default resource location for test class [org.cost.player.PlayerRepositoryTest]: class path resource [org/cost/player/PlayerRepositoryTestContext.groovy] does not exist
10:23:06.738 [Test worker] INFO org.springframework.test.context.support.AbstractContextLoader - Could not detect default resource locations for test class [org.cost.player.PlayerRepositoryTest]: no resource found for suffixes {-context.xml, Context.groovy}.
10:23:06.739 [Test worker] INFO org.springframework.test.context.support.AnnotationConfigContextLoaderUtils - Could not detect default configuration classes for test class [org.cost.player.PlayerRepositoryTest]: PlayerRepositoryTest does not declare any static, non-private, non-final, nested classes annotated with @Configuration.
10:23:06.874 [Test worker] DEBUG org.springframework.core.env.StandardEnvironment - Adding [systemProperties] PropertySource with lowest search precedence
10:23:06.874 [Test worker] DEBUG org.springframework.core.env.StandardEnvironment - Adding [systemEnvironment] PropertySource with lowest search precedence
10:23:06.874 [Test worker] DEBUG org.springframework.core.env.StandardEnvironment - Initialized StandardEnvironment with PropertySources [systemProperties,systemEnvironment]
10:23:06.894 [Test worker] DEBUG org.springframework.core.io.support.PathMatchingResourcePatternResolver - Resolved classpath location [org/cost/player/] to resources [URL [file:/D:/GitHub%20Repositories/C%23/Unity/SupplyRaid/SupplyRaidServer/build/classes/test/org/cost/player/], URL [file:/D:/GitHub%20Repositories/C%23/Unity/SupplyRaid/SupplyRaidServer/build/classes/main/org/cost/player/]]
10:23:06.898 [Test worker] DEBUG org.springframework.core.io.support.PathMatchingResourcePatternResolver - Looking for matching resources in directory tree [D:\GitHub Repositories\C#\Unity\SupplyRaid\SupplyRaidServer\build\classes\test\org\cost\player]
10:23:06.899 [Test worker] DEBUG org.springframework.core.io.support.PathMatchingResourcePatternResolver - Searching directory [D:\GitHub Repositories\C#\Unity\SupplyRaid\SupplyRaidServer\build\classes\test\org\cost\player] for files matching pattern [D:/GitHub Repositories/C#/Unity/SupplyRaid/SupplyRaidServer/build/classes/test/org/cost/player/*.class]
10:23:06.904 [Test worker] DEBUG org.springframework.core.io.support.PathMatchingResourcePatternResolver - Looking for matching resources in directory tree [D:\GitHub Repositories\C#\Unity\SupplyRaid\SupplyRaidServer\build\classes\main\org\cost\player]
10:23:06.905 [Test worker] DEBUG org.springframework.core.io.support.PathMatchingResourcePatternResolver - Searching directory [D:\GitHub Repositories\C#\Unity\SupplyRaid\SupplyRaidServer\build\classes\main\org\cost\player] for files matching pattern [D:/GitHub Repositories/C#/Unity/SupplyRaid/SupplyRaidServer/build/classes/main/org/cost/player/*.class]
10:23:06.907 [Test worker] DEBUG org.springframework.core.io.support.PathMatchingResourcePatternResolver - Resolved location pattern [classpath*:org/cost/player/*.class] to resources [file [D:\GitHub Repositories\C#\Unity\SupplyRaid\SupplyRaidServer\build\classes\test\org\cost\player\PlayerControllerTest.class], file [D:\GitHub Repositories\C#\Unity\SupplyRaid\SupplyRaidServer\build\classes\test\org\cost\player\PlayerNumberServiceTest.class], file [D:\GitHub Repositories\C#\Unity\SupplyRaid\SupplyRaidServer\build\classes\test\org\cost\player\PlayerRepositoryTest.class], file [D:\GitHub Repositories\C#\Unity\SupplyRaid\SupplyRaidServer\build\classes\main\org\cost\player\Player$PlayerBuilder.class], file [D:\GitHub Repositories\C#\Unity\SupplyRaid\SupplyRaidServer\build\classes\main\org\cost\player\Player.class], file [D:\GitHub Repositories\C#\Unity\SupplyRaid\SupplyRaidServer\build\classes\main\org\cost\player\PlayerController$CreatePlayerRequest$CreatePlayerRequestBuilder.class], file [D:\GitHub Repositories\C#\Unity\SupplyRaid\SupplyRaidServer\build\classes\main\org\cost\player\PlayerController$CreatePlayerRequest.class], file [D:\GitHub Repositories\C#\Unity\SupplyRaid\SupplyRaidServer\build\classes\main\org\cost\player\PlayerController.class], file [D:\GitHub Repositories\C#\Unity\SupplyRaid\SupplyRaidServer\build\classes\main\org\cost\player\PlayerNumberService.class], file [D:\GitHub Repositories\C#\Unity\SupplyRaid\SupplyRaidServer\build\classes\main\org\cost\player\PlayerRepository.class]]
10:23:06.953 [Test worker] DEBUG org.springframework.core.io.support.PathMatchingResourcePatternResolver - Resolved classpath location [org/cost/] to resources [URL [file:/D:/GitHub%20Repositories/C%23/Unity/SupplyRaid/SupplyRaidServer/build/classes/test/org/cost/], URL [file:/D:/GitHub%20Repositories/C%23/Unity/SupplyRaid/SupplyRaidServer/build/classes/main/org/cost/]]
10:23:06.953 [Test worker] DEBUG org.springframework.core.io.support.PathMatchingResourcePatternResolver - Looking for matching resources in directory tree [D:\GitHub Repositories\C#\Unity\SupplyRaid\SupplyRaidServer\build\classes\test\org\cost]
10:23:06.954 [Test worker] DEBUG org.springframework.core.io.support.PathMatchingResourcePatternResolver - Searching directory [D:\GitHub Repositories\C#\Unity\SupplyRaid\SupplyRaidServer\build\classes\test\org\cost] for files matching pattern [D:/GitHub Repositories/C#/Unity/SupplyRaid/SupplyRaidServer/build/classes/test/org/cost/*.class]
10:23:06.957 [Test worker] DEBUG org.springframework.core.io.support.PathMatchingResourcePatternResolver - Looking for matching resources in directory tree [D:\GitHub Repositories\C#\Unity\SupplyRaid\SupplyRaidServer\build\classes\main\org\cost]
10:23:06.957 [Test worker] DEBUG org.springframework.core.io.support.PathMatchingResourcePatternResolver - Searching directory [D:\GitHub Repositories\C#\Unity\SupplyRaid\SupplyRaidServer\build\classes\main\org\cost] for files matching pattern [D:/GitHub Repositories/C#/Unity/SupplyRaid/SupplyRaidServer/build/classes/main/org/cost/*.class]
10:23:06.966 [Test worker] DEBUG org.springframework.core.io.support.PathMatchingResourcePatternResolver - Resolved location pattern [classpath*:org/cost/*.class] to resources [file [D:\GitHub Repositories\C#\Unity\SupplyRaid\SupplyRaidServer\build\classes\test\org\cost\SupplyRaidServerApplicationTests.class], file [D:\GitHub Repositories\C#\Unity\SupplyRaid\SupplyRaidServer\build\classes\main\org\cost\CORSConfig.class], file [D:\GitHub Repositories\C#\Unity\SupplyRaid\SupplyRaidServer\build\classes\main\org\cost\Exceptions$ResourceNotFoundException.class], file [D:\GitHub Repositories\C#\Unity\SupplyRaid\SupplyRaidServer\build\classes\main\org\cost\Exceptions.class], file [D:\GitHub Repositories\C#\Unity\SupplyRaid\SupplyRaidServer\build\classes\main\org\cost\SupplyRaidServerApplication.class], file [D:\GitHub Repositories\C#\Unity\SupplyRaid\SupplyRaidServer\build\classes\main\org\cost\SwaggerConfig.class]]
10:23:07.048 [Test worker] DEBUG org.springframework.context.annotation.ClassPathScanningCandidateComponentProvider - Identified candidate component class: file [D:\GitHub Repositories\C#\Unity\SupplyRaid\SupplyRaidServer\build\classes\main\org\cost\SupplyRaidServerApplication.class]
10:23:07.058 [Test worker] INFO org.springframework.boot.test.context.SpringBootTestContextBootstrapper - Found @SpringBootConfiguration org.cost.SupplyRaidServerApplication for test class org.cost.player.PlayerRepositoryTest
10:23:07.062 [Test worker] DEBUG org.springframework.boot.test.context.SpringBootTestContextBootstrapper - @TestExecutionListeners is not present for class [org.cost.player.PlayerRepositoryTest]: using defaults.
10:23:07.074 [Test worker] INFO org.springframework.boot.test.context.SpringBootTestContextBootstrapper - Loaded default TestExecutionListener class names from location [META-INF/spring.factories]: [org.springframework.boot.test.mock.mockito.MockitoTestExecutionListener, org.springframework.boot.test.mock.mockito.ResetMocksTestExecutionListener, org.springframework.boot.test.autoconfigure.AutoConfigureReportTestExecutionListener, org.springframework.boot.test.autoconfigure.restdocs.RestDocsTestExecutionListener, org.springframework.boot.test.autoconfigure.web.client.MockRestServiceServerResetTestExecutionListener, org.springframework.test.context.web.ServletTestExecutionListener, org.springframework.test.context.support.DirtiesContextBeforeModesTestExecutionListener, org.springframework.test.context.support.DependencyInjectionTestExecutionListener, org.springframework.test.context.support.DirtiesContextTestExecutionListener, org.springframework.test.context.transaction.TransactionalTestExecutionListener, org.springframework.test.context.jdbc.SqlScriptsTestExecutionListener]
10:23:07.107 [Test worker] INFO org.springframework.boot.test.context.SpringBootTestContextBootstrapper - Using TestExecutionListeners: [org.springframework.test.context.web.ServletTestExecutionListener@7371ceff, org.springframework.test.context.support.DirtiesContextBeforeModesTestExecutionListener@4597291c, org.springframework.boot.test.autoconfigure.AutoConfigureReportTestExecutionListener@48fd0f09, org.springframework.test.context.support.DependencyInjectionTestExecutionListener@3a35843f, org.springframework.test.context.support.DirtiesContextTestExecutionListener@47ceb3b0, org.springframework.test.context.transaction.TransactionalTestExecutionListener@3b6dbd9c, org.springframework.test.context.jdbc.SqlScriptsTestExecutionListener@1b4868bf, org.springframework.boot.test.autoconfigure.restdocs.RestDocsTestExecutionListener@dca0395, org.springframework.boot.test.autoconfigure.web.client.MockRestServiceServerResetTestExecutionListener@3f2b72af, org.springframework.boot.test.mock.mockito.ResetMocksTestExecutionListener@697ca98b, org.springframework.boot.test.mock.mockito.MockitoTestExecutionListener@3129298b]
10:23:07.135 [Test worker] DEBUG org.springframework.test.annotation.ProfileValueUtils - Retrieved @ProfileValueSourceConfiguration [null] for test class [org.cost.player.PlayerRepositoryTest]
10:23:07.136 [Test worker] DEBUG org.springframework.test.annotation.ProfileValueUtils - Retrieved ProfileValueSource type [class org.springframework.test.annotation.SystemProfileValueSource] for class [org.cost.player.PlayerRepositoryTest]
10:23:07.136 [Test worker] DEBUG org.springframework.test.annotation.ProfileValueUtils - Retrieved @ProfileValueSourceConfiguration [null] for test class [org.cost.player.PlayerRepositoryTest]
10:23:07.136 [Test worker] DEBUG org.springframework.test.annotation.ProfileValueUtils - Retrieved ProfileValueSource type [class org.springframework.test.annotation.SystemProfileValueSource] for class [org.cost.player.PlayerRepositoryTest]
10:23:07.150 [Test worker] DEBUG org.springframework.test.context.support.AbstractDirtiesContextTestExecutionListener - Before test class: context [DefaultTestContext@18176fa testClass = PlayerRepositoryTest, testInstance = [null], testMethod = [null], testException = [null], mergedContextConfiguration = [WebMergedContextConfiguration@38e7f160 testClass = PlayerRepositoryTest, locations = '{}', classes = '{class org.cost.SupplyRaidServerApplication}', contextInitializerClasses = '[]', activeProfiles = '{test}', propertySourceLocations = '{}', propertySourceProperties = '{org.springframework.boot.test.context.SpringBootTestContextBootstrapper=true}', contextCustomizers = set[org.springframework.boot.test.context.SpringBootTestContextCustomizer@6305dfb9, org.springframework.boot.test.context.filter.ExcludeFilterContextCustomizer@f227d19, org.springframework.boot.test.mock.mockito.MockitoContextCustomizer@0, org.springframework.boot.test.autoconfigure.properties.PropertyMappingContextCustomizer@0], resourceBasePath = 'src/main/webapp', contextLoader = 'org.springframework.boot.test.context.SpringBootContextLoader', parent = [null]]], class annotated with @DirtiesContext [false] with mode [null].
10:23:07.151 [Test worker] DEBUG org.springframework.test.annotation.ProfileValueUtils - Retrieved @ProfileValueSourceConfiguration [null] for test class [org.cost.player.PlayerRepositoryTest]
10:23:07.151 [Test worker] DEBUG org.springframework.test.annotation.ProfileValueUtils - Retrieved ProfileValueSource type [class org.springframework.test.annotation.SystemProfileValueSource] for class [org.cost.player.PlayerRepositoryTest]
10:23:07.229 [Test worker] DEBUG org.springframework.core.env.StandardEnvironment - Adding [systemProperties] PropertySource with lowest search precedence
10:23:07.230 [Test worker] DEBUG org.springframework.core.env.StandardEnvironment - Adding [systemEnvironment] PropertySource with lowest search precedence
10:23:07.230 [Test worker] DEBUG org.springframework.core.env.StandardEnvironment - Initialized StandardEnvironment with PropertySources [systemProperties,systemEnvironment]
10:23:07.231 [Test worker] DEBUG org.springframework.core.env.StandardEnvironment - Adding [test] PropertySource with highest search precedence
10:23:07.233 [Test worker] DEBUG org.springframework.test.context.support.TestPropertySourceUtils - Adding inlined properties to environment: {spring.jmx.enabled=false, org.springframework.boot.test.context.SpringBootTestContextBootstrapper=true, server.port=-1}
10:23:07.233 [Test worker] DEBUG org.springframework.core.env.StandardEnvironment - Adding [Inlined Test Properties] PropertySource with highest search precedence

  .   ____          _            __ _ _
 /\\ / ___'_ __ _ _(_)_ __  __ _ \ \ \ \
( ( )\___ | '_ | '_| | '_ \/ _` | \ \ \ \
 \\/  ___)| |_)| | | | | || (_| |  ) ) ) )
  '  |____| .__|_| |_|_| |_\__, | / / / /
 =========|_|==============|___/=/_/_/_/
 :: Spring Boot ::        (v1.4.0.RELEASE)

2016-09-19 10:23:07.779  INFO 580 --- [    Test worker] org.cost.player.PlayerRepositoryTest     : Starting PlayerRepositoryTest on laptop-asus with PID 580 (started by Jordon in D:\GitHub Repositories\C#\Unity\SupplyRaid\SupplyRaidServer)
2016-09-19 10:23:07.781  INFO 580 --- [    Test worker] org.cost.player.PlayerRepositoryTest     : The following profiles are active: test
2016-09-19 10:23:07.877  INFO 580 --- [    Test worker] o.s.w.c.s.GenericWebApplicationContext   : Refreshing org.springframework.web.context.support.GenericWebApplicationContext@66a706d3: startup date [Mon Sep 19 10:23:07 CDT 2016]; root of context hierarchy
2016-09-19 10:23:12.171  INFO 580 --- [    Test worker] trationDelegate$BeanPostProcessorChecker : Bean 'org.springframework.transaction.annotation.ProxyTransactionManagementConfiguration' of type [class org.springframework.transaction.annotation.ProxyTransactionManagementConfiguration$$EnhancerBySpringCGLIB$$101a0fbe] is not eligible for getting processed by all BeanPostProcessors (for example: not eligible for auto-proxying)
2016-09-19 10:23:13.199  INFO 580 --- [    Test worker] o.f.core.internal.util.VersionPrinter    : Flyway 4.0.3 by Boxfuse
2016-09-19 10:23:13.978  INFO 580 --- [    Test worker] o.f.c.i.dbsupport.DbSupportFactory       : Database: jdbc:mysql://localhost:3306/sadb_test?autoReconnect=true&useSSL=false (MySQL 5.7)
2016-09-19 10:23:14.072  INFO 580 --- [    Test worker] o.f.core.internal.command.DbValidate     : Successfully validated 6 migrations (execution time 00:00.033s)
2016-09-19 10:23:14.139  INFO 580 --- [    Test worker] o.f.core.internal.command.DbMigrate      : Current version of schema `sadb_test`: 6
2016-09-19 10:23:14.140  INFO 580 --- [    Test worker] o.f.core.internal.command.DbMigrate      : Schema `sadb_test` is up to date. No migration necessary.
2016-09-19 10:23:14.435  INFO 580 --- [    Test worker] j.LocalContainerEntityManagerFactoryBean : Building JPA container EntityManagerFactory for persistence unit 'default'
2016-09-19 10:23:14.484  INFO 580 --- [    Test worker] o.hibernate.jpa.internal.util.LogHelper  : HHH000204: Processing PersistenceUnitInfo [
	name: default
	...]
2016-09-19 10:23:14.722  INFO 580 --- [    Test worker] org.hibernate.Version                    : HHH000412: Hibernate Core {5.0.9.Final}
2016-09-19 10:23:14.726  INFO 580 --- [    Test worker] org.hibernate.cfg.Environment            : HHH000206: hibernate.properties not found
2016-09-19 10:23:14.736  INFO 580 --- [    Test worker] org.hibernate.cfg.Environment            : HHH000021: Bytecode provider name : javassist
2016-09-19 10:23:14.869  INFO 580 --- [    Test worker] o.hibernate.annotations.common.Version   : HCANN000001: Hibernate Commons Annotations {5.0.1.Final}
2016-09-19 10:23:15.111  INFO 580 --- [    Test worker] org.hibernate.dialect.Dialect            : HHH000400: Using dialect: org.hibernate.dialect.MySQL5Dialect
2016-09-19 10:23:16.043  INFO 580 --- [    Test worker] o.h.tool.hbm2ddl.SchemaValidator         : HHH000229: Running schema validator
2016-09-19 10:23:16.218  INFO 580 --- [    Test worker] j.LocalContainerEntityManagerFactoryBean : Initialized JPA EntityManagerFactory for persistence unit 'default'
2016-09-19 10:23:18.222  INFO 580 --- [    Test worker] s.w.s.m.m.a.RequestMappingHandlerMapping : Mapped "{[/game],methods=[POST]}" onto public org.springframework.http.ResponseEntity org.cost.game.GameController.createGame(org.cost.game.GameController$GameRequest)
2016-09-19 10:23:18.226  INFO 580 --- [    Test worker] s.w.s.m.m.a.RequestMappingHandlerMapping : Mapped "{[/game/{gameName}],methods=[DELETE]}" onto public org.springframework.http.ResponseEntity org.cost.game.GameController.deleteGame(java.lang.String)
2016-09-19 10:23:18.227  INFO 580 --- [    Test worker] s.w.s.m.m.a.RequestMappingHandlerMapping : Mapped "{[/players],methods=[POST]}" onto public org.springframework.http.ResponseEntity org.cost.player.PlayerController.createPlayerForGame(org.cost.player.PlayerController$CreatePlayerRequest,javax.servlet.http.HttpSession)
2016-09-19 10:23:18.228  INFO 580 --- [    Test worker] s.w.s.m.m.a.RequestMappingHandlerMapping : Mapped "{[/players/{playerNumber}],methods=[GET]}" onto public org.cost.player.Player org.cost.player.PlayerController.getPlayer(int,javax.servlet.http.HttpSession)
2016-09-19 10:23:18.229  INFO 580 --- [    Test worker] s.w.s.m.m.a.RequestMappingHandlerMapping : Mapped "{[/players],methods=[GET]}" onto public java.util.List<org.cost.player.Player> org.cost.player.PlayerController.getPlayers(javax.servlet.http.HttpSession)
2016-09-19 10:23:18.230  INFO 580 --- [    Test worker] s.w.s.m.m.a.RequestMappingHandlerMapping : Mapped "{[/territories/{territoryId}],methods=[GET]}" onto public org.cost.territory.TerritoryController$TerritoryResponse org.cost.territory.TerritoryController.getTerritory(java.lang.Long)
2016-09-19 10:23:18.231  INFO 580 --- [    Test worker] s.w.s.m.m.a.RequestMappingHandlerMapping : Mapped "{[/territories],methods=[GET]}" onto public java.util.List<org.cost.territory.Territory> org.cost.territory.TerritoryController.getTerritories()
2016-09-19 10:23:18.232  INFO 580 --- [    Test worker] s.w.s.m.m.a.RequestMappingHandlerMapping : Mapped "{[/v2/api-docs],methods=[GET],produces=[application/json || application/hal+json]}" onto public org.springframework.http.ResponseEntity<springfox.documentation.spring.web.json.Json> springfox.documentation.swagger2.web.Swagger2Controller.getDocumentation(java.lang.String,javax.servlet.http.HttpServletRequest)
2016-09-19 10:23:18.237  INFO 580 --- [    Test worker] s.w.s.m.m.a.RequestMappingHandlerMapping : Mapped "{[/swagger-resources]}" onto org.springframework.http.ResponseEntity<java.util.List<springfox.documentation.swagger.web.SwaggerResource>> springfox.documentation.swagger.web.ApiResourceController.swaggerResources()
2016-09-19 10:23:18.238  INFO 580 --- [    Test worker] s.w.s.m.m.a.RequestMappingHandlerMapping : Mapped "{[/swagger-resources/configuration/ui]}" onto org.springframework.http.ResponseEntity<springfox.documentation.swagger.web.UiConfiguration> springfox.documentation.swagger.web.ApiResourceController.uiConfiguration()
2016-09-19 10:23:18.238  INFO 580 --- [    Test worker] s.w.s.m.m.a.RequestMappingHandlerMapping : Mapped "{[/swagger-resources/configuration/security]}" onto org.springframework.http.ResponseEntity<springfox.documentation.swagger.web.SecurityConfiguration> springfox.documentation.swagger.web.ApiResourceController.securityConfiguration()
2016-09-19 10:23:18.244  INFO 580 --- [    Test worker] s.w.s.m.m.a.RequestMappingHandlerMapping : Mapped "{[/error]}" onto public org.springframework.http.ResponseEntity<java.util.Map<java.lang.String, java.lang.Object>> org.springframework.boot.autoconfigure.web.BasicErrorController.error(javax.servlet.http.HttpServletRequest)
2016-09-19 10:23:18.244  INFO 580 --- [    Test worker] s.w.s.m.m.a.RequestMappingHandlerMapping : Mapped "{[/error],produces=[text/html]}" onto public org.springframework.web.servlet.ModelAndView org.springframework.boot.autoconfigure.web.BasicErrorController.errorHtml(javax.servlet.http.HttpServletRequest,javax.servlet.http.HttpServletResponse)
2016-09-19 10:23:18.540  INFO 580 --- [    Test worker] o.s.w.s.h.BeanNameUrlHandlerMapping      : Mapped URL path [/game] onto handler '/game'
2016-09-19 10:23:18.541  INFO 580 --- [    Test worker] o.s.w.s.h.BeanNameUrlHandlerMapping      : Mapped URL path [/territories] onto handler '/territories'
2016-09-19 10:23:18.569  INFO 580 --- [    Test worker] o.s.w.s.handler.SimpleUrlHandlerMapping  : Mapped URL path [/**/**] onto handler of type [class org.springframework.web.servlet.resource.ResourceHttpRequestHandler]
2016-09-19 10:23:18.917  INFO 580 --- [    Test worker] s.w.s.m.m.a.RequestMappingHandlerAdapter : Looking for @ControllerAdvice: org.springframework.web.context.support.GenericWebApplicationContext@66a706d3: startup date [Mon Sep 19 10:23:07 CDT 2016]; root of context hierarchy
2016-09-19 10:23:20.438  INFO 580 --- [    Test worker] o.s.c.support.DefaultLifecycleProcessor  : Starting beans in phase 2147483647
2016-09-19 10:23:20.439  INFO 580 --- [    Test worker] d.s.w.p.DocumentationPluginsBootstrapper : Context refreshed
2016-09-19 10:23:20.491  INFO 580 --- [    Test worker] d.s.w.p.DocumentationPluginsBootstrapper : Found 1 custom documentation plugin(s)
2016-09-19 10:23:20.521  INFO 580 --- [    Test worker] s.d.s.w.s.ApiListingReferenceScanner     : Scanning for api listing references
2016-09-19 10:23:21.045  INFO 580 --- [    Test worker] org.cost.player.PlayerRepositoryTest     : Started PlayerRepositoryTest in 13.79 seconds (JVM running for 19.14)
2016-09-19 10:23:21.330  INFO 580 --- [    Test worker] o.h.h.i.QueryTranslatorFactoryInitiator  : HHH000397: Using ASTQueryTranslatorFactory
]]></system-out>
  <system-err><![CDATA[]]></system-err>
</testsuite>
