<?xml version="1.0" encoding="UTF-8"?>
<testsuite name="org.cost.territory.TerritoryControllerTest" tests="3" skipped="0" failures="0" errors="0" timestamp="2016-09-19T15:23:26" hostname="laptop-asus" time="0.196">
  <properties/>
  <testcase name="getTerritories_returnsListOfTerritoriesWithLinks" classname="org.cost.territory.TerritoryControllerTest" time="0.099"/>
  <testcase name="getTerritory_returnsTerritoryResponseObject" classname="org.cost.territory.TerritoryControllerTest" time="0.05"/>
  <testcase name="getTerritory_returns404_whenTerritoryOutsideRange" classname="org.cost.territory.TerritoryControllerTest" time="0.044"/>
  <system-out><![CDATA[2016-09-19 10:23:26.859  INFO 580 --- [    Test worker] o.s.t.c.s.DefaultTestContextBootstrapper : Neither @ContextConfiguration nor @ContextHierarchy found for test class [org.cost.territory.TerritoryControllerTest], using DelegatingSmartContextLoader
2016-09-19 10:23:26.860  INFO 580 --- [    Test worker] o.s.t.c.support.AbstractContextLoader    : Could not detect default resource locations for test class [org.cost.territory.TerritoryControllerTest]: no resource found for suffixes {-context.xml}.
2016-09-19 10:23:26.860  INFO 580 --- [    Test worker] t.c.s.AnnotationConfigContextLoaderUtils : Could not detect default configuration classes for test class [org.cost.territory.TerritoryControllerTest]: TerritoryControllerTest does not declare any static, non-private, non-final, nested classes annotated with @Configuration.
2016-09-19 10:23:26.870  INFO 580 --- [    Test worker] o.s.t.c.s.DefaultTestContextBootstrapper : Loaded default TestExecutionListener class names from location [META-INF/spring.factories]: [org.springframework.boot.test.mock.mockito.MockitoTestExecutionListener, org.springframework.boot.test.mock.mockito.ResetMocksTestExecutionListener, org.springframework.boot.test.autoconfigure.AutoConfigureReportTestExecutionListener, org.springframework.boot.test.autoconfigure.restdocs.RestDocsTestExecutionListener, org.springframework.boot.test.autoconfigure.web.client.MockRestServiceServerResetTestExecutionListener, org.springframework.test.context.web.ServletTestExecutionListener, org.springframework.test.context.support.DirtiesContextBeforeModesTestExecutionListener, org.springframework.test.context.support.DependencyInjectionTestExecutionListener, org.springframework.test.context.support.DirtiesContextTestExecutionListener, org.springframework.test.context.transaction.TransactionalTestExecutionListener, org.springframework.test.context.jdbc.SqlScriptsTestExecutionListener]
2016-09-19 10:23:26.872  INFO 580 --- [    Test worker] o.s.t.c.s.DefaultTestContextBootstrapper : Using TestExecutionListeners: [org.springframework.test.context.web.ServletTestExecutionListener@ca2ed3a, org.springframework.test.context.support.DirtiesContextBeforeModesTestExecutionListener@6f14fb05, org.springframework.boot.test.autoconfigure.AutoConfigureReportTestExecutionListener@7f9b2909, org.springframework.test.context.support.DependencyInjectionTestExecutionListener@6be958b4, org.springframework.test.context.support.DirtiesContextTestExecutionListener@70b9b3ce, org.springframework.test.context.transaction.TransactionalTestExecutionListener@38bda20f, org.springframework.test.context.jdbc.SqlScriptsTestExecutionListener@1e480770, org.springframework.boot.test.autoconfigure.restdocs.RestDocsTestExecutionListener@3fc5c0f5, org.springframework.boot.test.autoconfigure.web.client.MockRestServiceServerResetTestExecutionListener@25f2300, org.springframework.boot.test.mock.mockito.ResetMocksTestExecutionListener@57a7449e, org.springframework.boot.test.mock.mockito.MockitoTestExecutionListener@90aaa9d]
2016-09-19 10:23:26.875  INFO 580 --- [    Test worker] o.s.c.support.GenericApplicationContext  : Refreshing org.springframework.context.support.GenericApplicationContext@63e56619: startup date [Mon Sep 19 10:23:26 CDT 2016]; root of context hierarchy
2016-09-19 10:23:26.934  INFO 580 --- [    Test worker] ilder$StaticRequestMappingHandlerMapping : Mapped "{[/territories/{territoryId}],methods=[GET]}" onto public org.cost.territory.TerritoryController$TerritoryResponse org.cost.territory.TerritoryController.getTerritory(java.lang.Long)
2016-09-19 10:23:26.934  INFO 580 --- [    Test worker] ilder$StaticRequestMappingHandlerMapping : Mapped "{[/territories],methods=[GET]}" onto public java.util.List<org.cost.territory.Territory> org.cost.territory.TerritoryController.getTerritories()
2016-09-19 10:23:26.961  INFO 580 --- [    Test worker] s.w.s.m.m.a.RequestMappingHandlerAdapter : Looking for @ControllerAdvice: org.springframework.test.web.servlet.setup.StubWebApplicationContext@695a14c8
2016-09-19 10:23:26.972  INFO 580 --- [    Test worker] o.s.mock.web.MockServletContext          : Initializing Spring FrameworkServlet ''
2016-09-19 10:23:26.972  INFO 580 --- [    Test worker] o.s.t.web.servlet.TestDispatcherServlet  : FrameworkServlet '': initialization started
2016-09-19 10:23:26.973  INFO 580 --- [    Test worker] o.s.t.web.servlet.TestDispatcherServlet  : FrameworkServlet '': initialization completed in 0 ms
response = [{"name":"Location 1","north":null,"east":null,"south":null,"west":null,"links":[{"rel":"self","href":"http://localhost/territories/1"}]},{"name":"Location 2","north":null,"east":null,"south":null,"west":null,"links":[{"rel":"self","href":"http://localhost/territories/2"}]}]
2016-09-19 10:23:27.014  INFO 580 --- [    Test worker] ilder$StaticRequestMappingHandlerMapping : Mapped "{[/territories/{territoryId}],methods=[GET]}" onto public org.cost.territory.TerritoryController$TerritoryResponse org.cost.territory.TerritoryController.getTerritory(java.lang.Long)
2016-09-19 10:23:27.015  INFO 580 --- [    Test worker] ilder$StaticRequestMappingHandlerMapping : Mapped "{[/territories],methods=[GET]}" onto public java.util.List<org.cost.territory.Territory> org.cost.territory.TerritoryController.getTerritories()
2016-09-19 10:23:27.041  INFO 580 --- [    Test worker] s.w.s.m.m.a.RequestMappingHandlerAdapter : Looking for @ControllerAdvice: org.springframework.test.web.servlet.setup.StubWebApplicationContext@2c553214
2016-09-19 10:23:27.047  INFO 580 --- [    Test worker] o.s.mock.web.MockServletContext          : Initializing Spring FrameworkServlet ''
2016-09-19 10:23:27.048  INFO 580 --- [    Test worker] o.s.t.web.servlet.TestDispatcherServlet  : FrameworkServlet '': initialization started
2016-09-19 10:23:27.048  INFO 580 --- [    Test worker] o.s.t.web.servlet.TestDispatcherServlet  : FrameworkServlet '': initialization completed in 0 ms
response = {"name":"Cliffs 1","north":null,"south":{"name":"Cliffs 4","links":[{"rel":"self","href":"http://localhost/territories/13"}]},"east":{"name":"Cliffs 2","links":[{"rel":"self","href":"http://localhost/territories/5"}]},"west":null}
2016-09-19 10:23:27.067  INFO 580 --- [    Test worker] ilder$StaticRequestMappingHandlerMapping : Mapped "{[/territories/{territoryId}],methods=[GET]}" onto public org.cost.territory.TerritoryController$TerritoryResponse org.cost.territory.TerritoryController.getTerritory(java.lang.Long)
2016-09-19 10:23:27.067  INFO 580 --- [    Test worker] ilder$StaticRequestMappingHandlerMapping : Mapped "{[/territories],methods=[GET]}" onto public java.util.List<org.cost.territory.Territory> org.cost.territory.TerritoryController.getTerritories()
2016-09-19 10:23:27.089  INFO 580 --- [    Test worker] s.w.s.m.m.a.RequestMappingHandlerAdapter : Looking for @ControllerAdvice: org.springframework.test.web.servlet.setup.StubWebApplicationContext@42533ccb
2016-09-19 10:23:27.096  INFO 580 --- [    Test worker] o.s.mock.web.MockServletContext          : Initializing Spring FrameworkServlet ''
2016-09-19 10:23:27.096  INFO 580 --- [    Test worker] o.s.t.web.servlet.TestDispatcherServlet  : FrameworkServlet '': initialization started
2016-09-19 10:23:27.096  INFO 580 --- [    Test worker] o.s.t.web.servlet.TestDispatcherServlet  : FrameworkServlet '': initialization completed in 0 ms
]]></system-out>
  <system-err><![CDATA[]]></system-err>
</testsuite>
