<?xml version="1.0" encoding="UTF-8"?>
<testsuite name="org.cost.SupplyRaidServerApplicationTests" tests="1" skipped="0" failures="0" errors="0" timestamp="2016-09-19T15:23:26" hostname="laptop-asus" time="0.011">
  <properties/>
  <testcase name="contextLoads" classname="org.cost.SupplyRaidServerApplicationTests" time="0.011"/>
  <system-out><![CDATA[2016-09-19 10:23:21.748  INFO 580 --- [    Test worker] .b.t.c.SpringBootTestContextBootstrapper : Neither @ContextConfiguration nor @ContextHierarchy found for test class [org.cost.SupplyRaidServerApplicationTests], using SpringBootContextLoader
2016-09-19 10:23:21.749  INFO 580 --- [    Test worker] o.s.t.c.support.AbstractContextLoader    : Could not detect default resource locations for test class [org.cost.SupplyRaidServerApplicationTests]: no resource found for suffixes {-context.xml, Context.groovy}.
2016-09-19 10:23:21.749  INFO 580 --- [    Test worker] t.c.s.AnnotationConfigContextLoaderUtils : Could not detect default configuration classes for test class [org.cost.SupplyRaidServerApplicationTests]: SupplyRaidServerApplicationTests does not declare any static, non-private, non-final, nested classes annotated with @Configuration.
2016-09-19 10:23:21.762  INFO 580 --- [    Test worker] .b.t.c.SpringBootTestContextBootstrapper : Found @SpringBootConfiguration org.cost.SupplyRaidServerApplication for test class org.cost.SupplyRaidServerApplicationTests
2016-09-19 10:23:21.768  INFO 580 --- [    Test worker] .b.t.c.SpringBootTestContextBootstrapper : Loaded default TestExecutionListener class names from location [META-INF/spring.factories]: [org.springframework.boot.test.mock.mockito.MockitoTestExecutionListener, org.springframework.boot.test.mock.mockito.ResetMocksTestExecutionListener, org.springframework.boot.test.autoconfigure.AutoConfigureReportTestExecutionListener, org.springframework.boot.test.autoconfigure.restdocs.RestDocsTestExecutionListener, org.springframework.boot.test.autoconfigure.web.client.MockRestServiceServerResetTestExecutionListener, org.springframework.test.context.web.ServletTestExecutionListener, org.springframework.test.context.support.DirtiesContextBeforeModesTestExecutionListener, org.springframework.test.context.support.DependencyInjectionTestExecutionListener, org.springframework.test.context.support.DirtiesContextTestExecutionListener, org.springframework.test.context.transaction.TransactionalTestExecutionListener, org.springframework.test.context.jdbc.SqlScriptsTestExecutionListener]
2016-09-19 10:23:21.769  INFO 580 --- [    Test worker] .b.t.c.SpringBootTestContextBootstrapper : Using TestExecutionListeners: [org.springframework.test.context.web.ServletTestExecutionListener@3b1e9514, org.springframework.test.context.support.DirtiesContextBeforeModesTestExecutionListener@6521cf60, org.springframework.boot.test.autoconfigure.AutoConfigureReportTestExecutionListener@23940c, org.springframework.test.context.support.DependencyInjectionTestExecutionListener@7ddaa62e, org.springframework.test.context.support.DirtiesContextTestExecutionListener@32a33ab4, org.springframework.test.context.transaction.TransactionalTestExecutionListener@5992a94f, org.springframework.test.context.jdbc.SqlScriptsTestExecutionListener@450dd585, org.springframework.boot.test.autoconfigure.restdocs.RestDocsTestExecutionListener@6dcee0dc, org.springframework.boot.test.autoconfigure.web.client.MockRestServiceServerResetTestExecutionListener@4693014b, org.springframework.boot.test.mock.mockito.ResetMocksTestExecutionListener@a870007, org.springframework.boot.test.mock.mockito.MockitoTestExecutionListener@210d4d2f]

  .   ____          _            __ _ _
 /\\ / ___'_ __ _ _(_)_ __  __ _ \ \ \ \
( ( )\___ | '_ | '_| | '_ \/ _` | \ \ \ \
 \\/  ___)| |_)| | | | | || (_| |  ) ) ) )
  '  |____| .__|_| |_|_| |_\__, | / / / /
 =========|_|==============|___/=/_/_/_/
 :: Spring Boot ::        (v1.4.0.RELEASE)

2016-09-19 10:23:21.943  INFO 580 --- [    Test worker] o.cost.SupplyRaidServerApplicationTests  : Starting SupplyRaidServerApplicationTests on laptop-asus with PID 580 (started by Jordon in D:\GitHub Repositories\C#\Unity\SupplyRaid\SupplyRaidServer)
2016-09-19 10:23:21.943  INFO 580 --- [    Test worker] o.cost.SupplyRaidServerApplicationTests  : No active profile set, falling back to default profiles: default
2016-09-19 10:23:21.948  INFO 580 --- [    Test worker] o.s.w.c.s.GenericWebApplicationContext   : Refreshing org.springframework.web.context.support.GenericWebApplicationContext@78d1a3b8: startup date [Mon Sep 19 10:23:21 CDT 2016]; root of context hierarchy
2016-09-19 10:23:23.859  INFO 580 --- [    Test worker] trationDelegate$BeanPostProcessorChecker : Bean 'org.springframework.transaction.annotation.ProxyTransactionManagementConfiguration' of type [class org.springframework.transaction.annotation.ProxyTransactionManagementConfiguration$$EnhancerBySpringCGLIB$$101a0fbe] is not eligible for getting processed by all BeanPostProcessors (for example: not eligible for auto-proxying)
2016-09-19 10:23:24.315  INFO 580 --- [    Test worker] o.f.c.i.dbsupport.DbSupportFactory       : Database: jdbc:mysql://localhost:3306/sadb?autoReconnect=true&useSSL=false (MySQL 5.7)
2016-09-19 10:23:24.336  INFO 580 --- [    Test worker] o.f.core.internal.command.DbValidate     : Successfully validated 6 migrations (execution time 00:00.012s)
2016-09-19 10:23:24.356  INFO 580 --- [    Test worker] o.f.core.internal.command.DbMigrate      : Current version of schema `sadb`: 6
2016-09-19 10:23:24.357  INFO 580 --- [    Test worker] o.f.core.internal.command.DbMigrate      : Schema `sadb` is up to date. No migration necessary.
2016-09-19 10:23:24.429  INFO 580 --- [    Test worker] j.LocalContainerEntityManagerFactoryBean : Building JPA container EntityManagerFactory for persistence unit 'default'
2016-09-19 10:23:24.431  INFO 580 --- [    Test worker] o.hibernate.jpa.internal.util.LogHelper  : HHH000204: Processing PersistenceUnitInfo [
	name: default
	...]
2016-09-19 10:23:24.449  INFO 580 --- [    Test worker] org.hibernate.dialect.Dialect            : HHH000400: Using dialect: org.hibernate.dialect.MySQL5Dialect
2016-09-19 10:23:24.510  INFO 580 --- [    Test worker] o.h.tool.hbm2ddl.SchemaValidator         : HHH000229: Running schema validator
2016-09-19 10:23:24.566  WARN 580 --- [    Test worker] o.h.j.i.EntityManagerFactoryRegistry     : HHH000436: Entity manager factory name (default) is already registered.  If entity manager will be clustered or passivated, specify a unique value for property 'hibernate.ejb.entitymanager_factory_name'
2016-09-19 10:23:24.566  INFO 580 --- [    Test worker] j.LocalContainerEntityManagerFactoryBean : Initialized JPA EntityManagerFactory for persistence unit 'default'
2016-09-19 10:23:25.258  INFO 580 --- [    Test worker] s.w.s.m.m.a.RequestMappingHandlerMapping : Mapped "{[/game],methods=[POST]}" onto public org.springframework.http.ResponseEntity org.cost.game.GameController.createGame(org.cost.game.GameController$GameRequest)
2016-09-19 10:23:25.259  INFO 580 --- [    Test worker] s.w.s.m.m.a.RequestMappingHandlerMapping : Mapped "{[/game/{gameName}],methods=[DELETE]}" onto public org.springframework.http.ResponseEntity org.cost.game.GameController.deleteGame(java.lang.String)
2016-09-19 10:23:25.260  INFO 580 --- [    Test worker] s.w.s.m.m.a.RequestMappingHandlerMapping : Mapped "{[/players],methods=[POST]}" onto public org.springframework.http.ResponseEntity org.cost.player.PlayerController.createPlayerForGame(org.cost.player.PlayerController$CreatePlayerRequest,javax.servlet.http.HttpSession)
2016-09-19 10:23:25.263  INFO 580 --- [    Test worker] s.w.s.m.m.a.RequestMappingHandlerMapping : Mapped "{[/players/{playerNumber}],methods=[GET]}" onto public org.cost.player.Player org.cost.player.PlayerController.getPlayer(int,javax.servlet.http.HttpSession)
2016-09-19 10:23:25.264  INFO 580 --- [    Test worker] s.w.s.m.m.a.RequestMappingHandlerMapping : Mapped "{[/players],methods=[GET]}" onto public java.util.List<org.cost.player.Player> org.cost.player.PlayerController.getPlayers(javax.servlet.http.HttpSession)
2016-09-19 10:23:25.265  INFO 580 --- [    Test worker] s.w.s.m.m.a.RequestMappingHandlerMapping : Mapped "{[/territories/{territoryId}],methods=[GET]}" onto public org.cost.territory.TerritoryController$TerritoryResponse org.cost.territory.TerritoryController.getTerritory(java.lang.Long)
2016-09-19 10:23:25.269  INFO 580 --- [    Test worker] s.w.s.m.m.a.RequestMappingHandlerMapping : Mapped "{[/territories],methods=[GET]}" onto public java.util.List<org.cost.territory.Territory> org.cost.territory.TerritoryController.getTerritories()
2016-09-19 10:23:25.271  INFO 580 --- [    Test worker] s.w.s.m.m.a.RequestMappingHandlerMapping : Mapped "{[/v2/api-docs],methods=[GET],produces=[application/json || application/hal+json]}" onto public org.springframework.http.ResponseEntity<springfox.documentation.spring.web.json.Json> springfox.documentation.swagger2.web.Swagger2Controller.getDocumentation(java.lang.String,javax.servlet.http.HttpServletRequest)
2016-09-19 10:23:25.276  INFO 580 --- [    Test worker] s.w.s.m.m.a.RequestMappingHandlerMapping : Mapped "{[/swagger-resources]}" onto org.springframework.http.ResponseEntity<java.util.List<springfox.documentation.swagger.web.SwaggerResource>> springfox.documentation.swagger.web.ApiResourceController.swaggerResources()
2016-09-19 10:23:25.278  INFO 580 --- [    Test worker] s.w.s.m.m.a.RequestMappingHandlerMapping : Mapped "{[/swagger-resources/configuration/ui]}" onto org.springframework.http.ResponseEntity<springfox.documentation.swagger.web.UiConfiguration> springfox.documentation.swagger.web.ApiResourceController.uiConfiguration()
2016-09-19 10:23:25.278  INFO 580 --- [    Test worker] s.w.s.m.m.a.RequestMappingHandlerMapping : Mapped "{[/swagger-resources/configuration/security]}" onto org.springframework.http.ResponseEntity<springfox.documentation.swagger.web.SecurityConfiguration> springfox.documentation.swagger.web.ApiResourceController.securityConfiguration()
2016-09-19 10:23:25.283  INFO 580 --- [    Test worker] s.w.s.m.m.a.RequestMappingHandlerMapping : Mapped "{[/error]}" onto public org.springframework.http.ResponseEntity<java.util.Map<java.lang.String, java.lang.Object>> org.springframework.boot.autoconfigure.web.BasicErrorController.error(javax.servlet.http.HttpServletRequest)
2016-09-19 10:23:25.284  INFO 580 --- [    Test worker] s.w.s.m.m.a.RequestMappingHandlerMapping : Mapped "{[/error],produces=[text/html]}" onto public org.springframework.web.servlet.ModelAndView org.springframework.boot.autoconfigure.web.BasicErrorController.errorHtml(javax.servlet.http.HttpServletRequest,javax.servlet.http.HttpServletResponse)
2016-09-19 10:23:25.504  INFO 580 --- [    Test worker] o.s.w.s.h.BeanNameUrlHandlerMapping      : Mapped URL path [/game] onto handler '/game'
2016-09-19 10:23:25.505  INFO 580 --- [    Test worker] o.s.w.s.h.BeanNameUrlHandlerMapping      : Mapped URL path [/territories] onto handler '/territories'
2016-09-19 10:23:25.522  INFO 580 --- [    Test worker] o.s.w.s.handler.SimpleUrlHandlerMapping  : Mapped URL path [/**/**] onto handler of type [class org.springframework.web.servlet.resource.ResourceHttpRequestHandler]
2016-09-19 10:23:25.696  INFO 580 --- [    Test worker] s.w.s.m.m.a.RequestMappingHandlerAdapter : Looking for @ControllerAdvice: org.springframework.web.context.support.GenericWebApplicationContext@78d1a3b8: startup date [Mon Sep 19 10:23:21 CDT 2016]; root of context hierarchy
2016-09-19 10:23:26.661  INFO 580 --- [    Test worker] o.s.c.support.DefaultLifecycleProcessor  : Starting beans in phase 2147483647
2016-09-19 10:23:26.661  INFO 580 --- [    Test worker] d.s.w.p.DocumentationPluginsBootstrapper : Context refreshed
2016-09-19 10:23:26.663  INFO 580 --- [    Test worker] d.s.w.p.DocumentationPluginsBootstrapper : Found 1 custom documentation plugin(s)
2016-09-19 10:23:26.666  INFO 580 --- [    Test worker] s.d.s.w.s.ApiListingReferenceScanner     : Scanning for api listing references
2016-09-19 10:23:26.829  INFO 580 --- [    Test worker] o.cost.SupplyRaidServerApplicationTests  : Started SupplyRaidServerApplicationTests in 5.051 seconds (JVM running for 24.924)
]]></system-out>
  <system-err><![CDATA[]]></system-err>
</testsuite>
